<?xml version="1.0" encoding="UTF-8"?>
<!-- Generated by org.testng.reporters.JUnitReportReporter -->
<testsuite hostname="DESKTOP-6TR1C2V" failures="0" tests="4" name="skyselect_Maven.skyselect_Maven.Buyer_order_flow" time="40.087" errors="0" timestamp="2025-06-27T11:59:22 IST" skipped="0">
  <testcase classname="skyselect_Maven.skyselect_Maven.Buyer_order_flow" name="login" time="5.376"/>
  <testcase classname="skyselect_Maven.skyselect_Maven.Buyer_order_flow" name="order_draft" time="9.070">
    <system-out>
      <![CDATA[Order Dashboard opened]]>
    </system-out>
  </testcase> <!-- order_draft -->
  <testcase classname="skyselect_Maven.skyselect_Maven.Buyer_order_flow" name="order_draft_header" time="17.286">
    <system-out>
      <![CDATA[Order Type Added
Order Priority Added
Supplier Added
Supplier Contact Added
Ship to Add Added
Final Dest Added
Tail No Added
Remark Added
Notes added
Ship By Date Added
Need By Date Added]]>
    </system-out>
  </testcase> <!-- order_draft_header -->
  <testcase classname="skyselect_Maven.skyselect_Maven.Buyer_order_flow" name="order_part" time="8.355">
    <system-out>
      <![CDATA[Part No Added
Qty  Added
Price  Added]]>
    </system-out>
  </testcase> <!-- order_part -->
  <system-out>
    <![CDATA[Order Dashboard opened
Order Type Added
Order Priority Added
Supplier Added
Supplier Contact Added
Ship to Add Added
Final Dest Added
Tail No Added
Remark Added
Notes added
Ship By Date Added
Need By Date Added
Part No Added
Qty  Added
Price  Added]]>
  </system-out>
</testsuite> <!-- skyselect_Maven.skyselect_Maven.Buyer_order_flow -->
