<?xml version="1.0" encoding="UTF-8"?>
<!-- Generated by org.testng.reporters.JUnitReportReporter -->
<testsuite hostname="DESKTOP-6TR1C2V" failures="0" tests="2" name="skyselect_Maven.skyselect_Maven.supplier_Demo" time="24.893" errors="0" timestamp="2025-03-19T15:34:12 IST" skipped="0">
  <testcase classname="skyselect_Maven.skyselect_Maven.supplier_Demo" name="supplire_login" time="4.178"/>
  <testcase classname="skyselect_Maven.skyselect_Maven.supplier_Demo" name="verify_All_Pages_Supplier" time="20.715">
    <system-out>
      <![CDATA[Clicked Page /nhttps://demo.skyselect.com/db/tender/supplierview
Clicked Page /nhttps://demo.skyselect.com/db/orders/dashboard
Clicked Page /nhttps://demo.skyselect.com/db/insights
Clicked Page /nhttps://demo.skyselect.com/db/insights]]>
    </system-out>
  </testcase> <!-- verify_All_Pages_Supplier -->
  <system-out>
    <![CDATA[Logged in Successfully with: RFQ Dashboard : SkySelect
Clicked Page /nhttps://demo.skyselect.com/db/tender/supplierview
Clicked Page /nhttps://demo.skyselect.com/db/orders/dashboard
Clicked Page /nhttps://demo.skyselect.com/db/insights
Clicked Page /nhttps://demo.skyselect.com/db/insights]]>
  </system-out>
</testsuite> <!-- skyselect_Maven.skyselect_Maven.supplier_Demo -->
