<?xml version="1.0" encoding="UTF-8"?>
<!-- Generated by org.testng.reporters.JUnitReportReporter -->
<testsuite hostname="DESKTOP-6TR1C2V" failures="0" tests="1" name="skyselect_Maven.skyselect_Maven.Buyer_Awarding" time="16.710" errors="0" timestamp="2025-04-29T18:53:16 IST" skipped="0">
  <testcase classname="skyselect_Maven.skyselect_Maven.Buyer_Awarding" name="Awarding_dashboard" time="16.710"/>
</testsuite> <!-- skyselect_Maven.skyselect_Maven.Buyer_Awarding -->
