<?xml version="1.0" encoding="UTF-8"?>
<!-- Generated by org.testng.reporters.JUnitReportReporter -->
<testsuite hostname="DESKTOP-6TR1C2V" failures="0" tests="2" name="skyselect_Maven.skyselect_Maven.Buyer_Setting" time="5.711" errors="0" timestamp="2025-04-01T15:30:47 IST" skipped="1">
  <testcase classname="skyselect_Maven.skyselect_Maven.Buyer_Setting" name="general_setting" time="5.711"/>
  <testcase classname="skyselect_Maven.skyselect_Maven.Buyer_Setting" name="buyerSetting">
    <skipped/>
  </testcase> <!-- buyerSetting -->
</testsuite> <!-- skyselect_Maven.skyselect_Maven.Buyer_Setting -->
