<?xml version="1.0" encoding="UTF-8"?>
<!-- Generated by org.testng.reporters.JUnitReportReporter -->
<testsuite hostname="DESKTOP-6TR1C2V" failures="0" tests="3" name="skyselect_Maven.skyselect_Maven.Buyer_RFQ_check" time="37.374" errors="0" timestamp="2025-07-17T16:21:10 IST" skipped="1">
  <testcase classname="skyselect_Maven.skyselect_Maven.Buyer_RFQ_check" name="login" time="6.146"/>
  <testcase classname="skyselect_Maven.skyselect_Maven.Buyer_RFQ_check" name="tab_req_detail" time="31.228">
    <system-out>
      <![CDATA[RFQ Dashboard opened
[2025-07-17 16:20:39] RFQ Dashboard Opened
Tender Opened
[2025-07-17 16:21:01] Tender Opened
Request Details Open
[2025-07-17 16:21:02] Request Details Open
RFQ type
Outright purchases
[2025-07-17 16:21:03] RFQ type
Outright purchases
Priority
Routine
[2025-07-17 16:21:03] Priority
Routine
Buyer
Buyer, Air India
[2025-07-17 16:21:04] Buyer
Buyer, Air India
Team
[2025-07-17 16:21:04] Team
Folder
Buyer
[2025-07-17 16:21:05] Folder
Buyer
Location
Lennart Meri Tallinn Airport
[2025-07-17 16:21:05] Location
Lennart Meri Tallinn Airport
Reference number
REF_123
[2025-07-17 16:21:06] Reference number
REF_123
Published
Jul 8, 2025 23:11
[2025-07-17 16:21:06] Published
Jul 8, 2025 23:11
End time
Jul 9, 2025 23:22
[2025-07-17 16:21:07] End time
Jul 9, 2025 23:22
Original end time
Jul 9, 2025 23:20
[2025-07-17 16:21:07] Original end time
Jul 9, 2025 23:20
Tail number
TL123
[2025-07-17 16:21:08] Tail number
TL123]]>
    </system-out>
  </testcase> <!-- tab_req_detail -->
  <testcase classname="skyselect_Maven.skyselect_Maven.Buyer_RFQ_check" name="quote_verify">
    <skipped/>
  </testcase> <!-- quote_verify -->
  <system-out>
    <![CDATA[RFQ Dashboard opened
[2025-07-17 16:20:39] RFQ Dashboard Opened
Tender Opened
[2025-07-17 16:21:01] Tender Opened
Request Details Open
[2025-07-17 16:21:02] Request Details Open
RFQ type
Outright purchases
[2025-07-17 16:21:03] RFQ type
Outright purchases
Priority
Routine
[2025-07-17 16:21:03] Priority
Routine
Buyer
Buyer, Air India
[2025-07-17 16:21:04] Buyer
Buyer, Air India
Team
[2025-07-17 16:21:04] Team
Folder
Buyer
[2025-07-17 16:21:05] Folder
Buyer
Location
Lennart Meri Tallinn Airport
[2025-07-17 16:21:05] Location
Lennart Meri Tallinn Airport
Reference number
REF_123
[2025-07-17 16:21:06] Reference number
REF_123
Published
Jul 8, 2025 23:11
[2025-07-17 16:21:06] Published
Jul 8, 2025 23:11
End time
Jul 9, 2025 23:22
[2025-07-17 16:21:07] End time
Jul 9, 2025 23:22
Original end time
Jul 9, 2025 23:20
[2025-07-17 16:21:07] Original end time
Jul 9, 2025 23:20
Tail number
TL123
[2025-07-17 16:21:08] Tail number
TL123]]>
  </system-out>
</testsuite> <!-- skyselect_Maven.skyselect_Maven.Buyer_RFQ_check -->
