<?xml version="1.0" encoding="UTF-8"?>
<!-- Generated by org.testng.reporters.JUnitReportReporter -->
<testsuite hostname="DESKTOP-6TR1C2V" failures="0" tests="2" name="skyselect_Maven.skyselect_Maven.Login_Demo" time="28.522" errors="0" timestamp="2024-12-31T13:19:03 IST" skipped="0">
  <testcase classname="skyselect_Maven.skyselect_Maven.Login_Demo" name="Buyer_login" time="3.342"/>
  <testcase classname="skyselect_Maven.skyselect_Maven.Login_Demo" name="verify_All_Pages_Buyer" time="25.180">
    <system-out>
      <![CDATA[https://demo.skyselect.com/db/overviewClicked Page 
Clicked Page /nhttps://demo.skyselect.com/db/tender/purchases
Clicked Page /nhttps://demo.skyselect.com/db/awarding
Clicked Page /nhttps://demo.skyselect.com/db/orders/dashboard
Clicked Page /nhttps://demo.skyselect.com/db/suppliers
Clicked Page /nhttps://demo.skyselect.com/db/analytics]]>
    </system-out>
  </testcase> <!-- verify_All_Pages_Buyer -->
  <system-out>
    <![CDATA[https://demo.skyselect.com/db/overviewClicked Page 
Clicked Page /nhttps://demo.skyselect.com/db/tender/purchases
Clicked Page /nhttps://demo.skyselect.com/db/awarding
Clicked Page /nhttps://demo.skyselect.com/db/orders/dashboard
Clicked Page /nhttps://demo.skyselect.com/db/suppliers
Clicked Page /nhttps://demo.skyselect.com/db/analytics]]>
  </system-out>
</testsuite> <!-- skyselect_Maven.skyselect_Maven.Login_Demo -->
