<?xml version="1.0" encoding="UTF-8"?>
<!-- Generated by org.testng.reporters.JUnitReportReporter -->
<testsuite hostname="DESKTOP-6TR1C2V" failures="0" tests="2" name="skyselect_Maven.skyselect_Maven.Login_Demo" time="33.462" errors="0" timestamp="2024-09-23T19:02:25 IST" skipped="0">
  <testcase classname="skyselect_Maven.skyselect_Maven.Login_Demo" name="logintrialBuyer" time="8.081"/>
  <testcase classname="skyselect_Maven.skyselect_Maven.Login_Demo" name="verify_All_Pages_Buyer" time="25.381"/>
</testsuite> <!-- skyselect_Maven.skyselect_Maven.Login_Demo -->
