<?xml version="1.0" encoding="UTF-8"?>
<!-- Generated by org.testng.reporters.JUnitReportReporter -->
<testsuite hostname="DESKTOP-6TR1C2V" failures="0" tests="4" name="skyselect_Maven.skyselect_Maven.Buyer_Demo" time="27.767" errors="0" timestamp="2025-04-14T11:42:17 IST" skipped="1">
  <testcase classname="skyselect_Maven.skyselect_Maven.Buyer_Demo" name="rfq_check" time="1.588">
    <system-out>
      <![CDATA[#98 ROUTINE RFQ for aircraft TL123 at TLL // REF_123]]>
    </system-out>
  </testcase> <!-- rfq_check -->
  <testcase classname="skyselect_Maven.skyselect_Maven.Buyer_Demo" name="login" time="5.678"/>
  <testcase classname="skyselect_Maven.skyselect_Maven.Buyer_Demo" name="create_rfq" time="20.501">
    <system-out>
      <![CDATA[New RequestModal open Up
Create a request : SkySelect
Default Set Qty : 
Description added :Test Part
Part Added Successfully :DK120
QTY
11
UOM
EA
CERT REQ
-
TRACE REQ
-
LLP REQ
-
DOM/EXP REQ
-
MIN CONDITION
DESCRIPTION
*
TEST PART
INTERNAL NOTES
-
NEED BY DATE
-
REQUISITION NUMBER
-
 RFQ Published Successfully
RFQ created Successfullyhttps://demo.skyselect.com/db/tender/expresscreate/id_1980]]>
    </system-out>
  </testcase> <!-- create_rfq -->
  <testcase classname="skyselect_Maven.skyselect_Maven.Buyer_Demo" name="buyerlogin">
    <skipped/>
  </testcase> <!-- buyerlogin -->
  <system-out>
    <![CDATA[New RequestModal open Up
Create a request : SkySelect
Default Set Qty : 
Description added :Test Part
Part Added Successfully :DK120
QTY
11
UOM
EA
CERT REQ
-
TRACE REQ
-
LLP REQ
-
DOM/EXP REQ
-
MIN CONDITION
DESCRIPTION
*
TEST PART
INTERNAL NOTES
-
NEED BY DATE
-
REQUISITION NUMBER
-
 RFQ Published Successfully
RFQ created Successfullyhttps://demo.skyselect.com/db/tender/expresscreate/id_1980
#98 ROUTINE RFQ for aircraft TL123 at TLL // REF_123]]>
  </system-out>
</testsuite> <!-- skyselect_Maven.skyselect_Maven.Buyer_Demo -->
