<?xml version="1.0" encoding="UTF-8"?>
<!-- Generated by org.testng.reporters.JUnitReportReporter -->
<testsuite hostname="DESKTOP-6TR1C2V" failures="0" tests="3" name="skyselect_Maven.skyselect_Maven.Buyer_Awarding" time="34.973" errors="0" timestamp="2025-07-15T16:24:42 IST" skipped="1">
  <testcase classname="skyselect_Maven.skyselect_Maven.Buyer_Awarding" name="login" time="5.654"/>
  <testcase classname="skyselect_Maven.skyselect_Maven.Buyer_Awarding" name="Awarding_rfq" time="29.319">
    <system-out>
      <![CDATA[Awarding Button Click
1
DK120
REF_123
STOCK
5 EA
1000
EA
5 EA
$100.00
$500.00]]>
    </system-out>
  </testcase> <!-- Awarding_rfq -->
  <testcase classname="skyselect_Maven.skyselect_Maven.Buyer_Awarding" name="Awarding_dashboard">
    <skipped/>
  </testcase> <!-- Awarding_dashboard -->
  <system-out>
    <![CDATA[Awarding Button Click
1
DK120
REF_123
STOCK
5 EA
1000
EA
5 EA
$100.00
$500.00]]>
  </system-out>
</testsuite> <!-- skyselect_Maven.skyselect_Maven.Buyer_Awarding -->
