<?xml version="1.0" encoding="UTF-8"?>
<!-- Generated by org.testng.reporters.JUnitReportReporter -->
<testsuite hostname="DESKTOP-6TR1C2V" failures="0" tests="3" name="skyselect_Maven.skyselect_Maven.NewTest" time="0.009" errors="0" timestamp="2024-09-30T18:35:14 IST" skipped="1">
  <testcase classname="skyselect_Maven.skyselect_Maven.NewTest" name="firsttest" time="0.007"/>
  <testcase classname="skyselect_Maven.skyselect_Maven.NewTest" name="firsttest" time="0.002"/>
  <testcase classname="skyselect_Maven.skyselect_Maven.NewTest" name="secondtest">
    <skipped/>
  </testcase> <!-- secondtest -->
</testsuite> <!-- skyselect_Maven.skyselect_Maven.NewTest -->
