<?xml version="1.0" encoding="UTF-8"?>
<!-- Generated by org.testng.reporters.JUnitReportReporter -->
<testsuite hostname="DESKTOP-6TR1C2V" failures="0" tests="1" name="skyselect_Maven.skyselect_Maven.Buyer_Setting" time="0.008" errors="0" timestamp="2024-12-13T17:06:29 IST" skipped="0">
  <testcase classname="skyselect_Maven.skyselect_Maven.Buyer_Setting" name="beforeMethod" time="0.008"/>
</testsuite> <!-- skyselect_Maven.skyselect_Maven.Buyer_Setting -->
