<?xml version="1.0" encoding="UTF-8"?>
<!-- Generated by org.testng.reporters.JUnitReportReporter -->
<testsuite hostname="DESKTOP-6TR1C2V" failures="0" tests="6" name="skyselect_Maven.skyselect_Maven.Buyer_Demo" time="56.006" errors="0" timestamp="2025-05-08T12:52:57 IST" skipped="1">
  <testcase classname="skyselect_Maven.skyselect_Maven.Buyer_Demo" name="rfq_check" time="1.150">
    <system-out>
      <![CDATA[]]>
    </system-out>
  </testcase> <!-- rfq_check -->
  <testcase classname="skyselect_Maven.skyselect_Maven.Buyer_Demo" name="qc_check" time="24.524">
    <system-out>
      <![CDATA[https://demo.skyselect.com/db/tender/expresscreate/id_2011 Opened]]>
    </system-out>
  </testcase> <!-- qc_check -->
  <testcase classname="skyselect_Maven.skyselect_Maven.Buyer_Demo" name="login" time="9.715"/>
  <testcase classname="skyselect_Maven.skyselect_Maven.Buyer_Demo" name="create_rfq" time="19.969">
    <system-out>
      <![CDATA[New RequestModal open Up
Create a request : SkySelect
Default Set Qty : 
Description added :Test Part
Part Added Successfully :DK120
QTY
5
UOM
EA
CERT REQ
-
TRACE REQ
-
LLP REQ
-
DOM/EXP REQ
-
MIN CONDITION
DESCRIPTION
*
BOLT
INTERNAL NOTES
-
NEED BY DATE
-
REQUISITION NUMBER
-
 RFQ Published Successfully
RFQ created Successfullyhttps://demo.skyselect.com/db/tender/expresscreate/id_2011]]>
    </system-out>
  </testcase> <!-- create_rfq -->
  <testcase classname="skyselect_Maven.skyselect_Maven.Buyer_Demo" name="qc_action_1" time="0.648"/>
  <testcase classname="skyselect_Maven.skyselect_Maven.Buyer_Demo" name="buyerlogin">
    <skipped/>
  </testcase> <!-- buyerlogin -->
  <system-out>
    <![CDATA[New RequestModal open Up
Create a request : SkySelect
Default Set Qty : 
Description added :Test Part
Part Added Successfully :DK120
QTY
5
UOM
EA
CERT REQ
-
TRACE REQ
-
LLP REQ
-
DOM/EXP REQ
-
MIN CONDITION
DESCRIPTION
*
BOLT
INTERNAL NOTES
-
NEED BY DATE
-
REQUISITION NUMBER
-
 RFQ Published Successfully
RFQ created Successfullyhttps://demo.skyselect.com/db/tender/expresscreate/id_2011

https://demo.skyselect.com/db/tender/expresscreate/id_2011 Opened]]>
  </system-out>
</testsuite> <!-- skyselect_Maven.skyselect_Maven.Buyer_Demo -->
