<?xml version="1.0" encoding="UTF-8"?>
<!-- Generated by org.testng.reporters.JUnitReportReporter -->
<testsuite hostname="DESKTOP-6TR1C2V" failures="0" tests="2" name="skyselect_Maven.skyselect_Maven.NewTest" time="0.333" errors="0" timestamp="2025-04-10T18:58:16 IST" skipped="1">
  <testcase classname="skyselect_Maven.skyselect_Maven.NewTest" name="login" time="0.333"/>
  <testcase classname="skyselect_Maven.skyselect_Maven.NewTest" name="secondtest">
    <skipped/>
  </testcase> <!-- secondtest -->
</testsuite> <!-- skyselect_Maven.skyselect_Maven.NewTest -->
