<?xml version="1.0" encoding="UTF-8"?>
<!-- Generated by org.testng.reporters.JUnitReportReporter -->
<testsuite hostname="DESKTOP-6TR1C2V" failures="0" tests="2" name="skyselect_Maven.skyselect_Maven.BaseTest_Buyer" time="6.670" errors="0" timestamp="2025-07-17T16:19:23 IST" skipped="1">
  <testcase classname="skyselect_Maven.skyselect_Maven.BaseTest_Buyer" name="login" time="6.670"/>
  <testcase classname="skyselect_Maven.skyselect_Maven.BaseTest_Buyer" name="secondtest">
    <skipped/>
  </testcase> <!-- secondtest -->
</testsuite> <!-- skyselect_Maven.skyselect_Maven.BaseTest_Buyer -->
