<?xml version="1.0" encoding="UTF-8"?>
<!-- Generated by org.testng.reporters.JUnitReportReporter -->
<testsuite hostname="DESKTOP-6TR1C2V" failures="0" tests="2" name="skyselect_Maven.skyselect_Maven.data_read" time="0.008" errors="0" timestamp="2024-09-30T18:24:37 IST" skipped="0">
  <testcase classname="skyselect_Maven.skyselect_Maven.data_read" name="Testtrial" time="0.007"/>
  <testcase classname="skyselect_Maven.skyselect_Maven.data_read" name="Testtrial" time="0.001"/>
</testsuite> <!-- skyselect_Maven.skyselect_Maven.data_read -->
