<?xml version="1.0" encoding="UTF-8"?>
<!-- Generated by org.testng.reporters.JUnitReportReporter -->
<testsuite hostname="DESKTOP-6TR1C2V" failures="0" tests="2" name="skyselect_Maven.skyselect_Maven.supplier_Demo" time="26.651" errors="0" timestamp="2024-12-20T10:01:37 IST" skipped="0">
  <testcase classname="skyselect_Maven.skyselect_Maven.supplier_Demo" name="verify_All_Pages_Supplier" time="21.817">
    <system-out>
      <![CDATA[Clicked Page /nhttps://demo.skyselect.com/db/tender/supplierview
Clicked Page /nhttps://demo.skyselect.com/db/orders/dashboard
Clicked Page /nhttps://demo.skyselect.com/db/insights
Clicked Page /nhttps://demo.skyselect.com/db/insights]]>
    </system-out>
  </testcase> <!-- verify_All_Pages_Supplier -->
  <testcase classname="skyselect_Maven.skyselect_Maven.supplier_Demo" name="supplire_login" time="4.834">
    <system-out>
      <![CDATA[Check login of Supplier]]>
    </system-out>
  </testcase> <!-- supplire_login -->
  <system-out>
    <![CDATA[Check login of Supplier
Clicked Page /nhttps://demo.skyselect.com/db/tender/supplierview
Clicked Page /nhttps://demo.skyselect.com/db/orders/dashboard
Clicked Page /nhttps://demo.skyselect.com/db/insights
Clicked Page /nhttps://demo.skyselect.com/db/insights]]>
  </system-out>
</testsuite> <!-- skyselect_Maven.skyselect_Maven.supplier_Demo -->
